Connecting to database specified by database.yml
Connecting to database specified by database.yml
Connecting to database specified by database.yml


Started GET "/assets/rails.png" for 127.0.0.1 at 2014-01-22 16:36:20 -0800
Served asset /rails.png - 200 OK (4ms)
Connecting to database specified by database.yml


Started GET "/rails/info/properties" for 127.0.0.1 at 2014-01-22 16:36:21 -0800
Processing by Rails::InfoController#properties as */*
  Rendered inline template (4.1ms)
Completed 200 OK in 14ms (Views: 13.2ms | ActiveRecord: 0.0ms)
Connecting to database specified by database.yml


Started GET "/assets/rails.png" for 127.0.0.1 at 2014-01-22 16:54:31 -0800
Served asset /rails.png - 200 OK (2ms)
Connecting to database specified by database.yml


Started GET "/rails/info/properties" for 127.0.0.1 at 2014-01-22 16:54:33 -0800
Processing by Rails::InfoController#properties as */*
  Rendered inline template (1.1ms)
Completed 200 OK in 7ms (Views: 6.2ms | ActiveRecord: 0.0ms)


Started GET "/assets/rails.png" for 127.0.0.1 at 2014-01-22 16:56:33 -0800
Served asset /rails.png - 304 Not Modified (0ms)
Connecting to database specified by database.yml


Started GET "/assets/rails.png" for 127.0.0.1 at 2014-01-22 17:25:02 -0800
Served asset /rails.png - 200 OK (3ms)


Started GET "/assets/rails.png" for 127.0.0.1 at 2014-01-22 17:26:20 -0800
Served asset /rails.png - 304 Not Modified (0ms)


Started GET "/assets/rails.png" for 127.0.0.1 at 2014-01-22 17:26:35 -0800
Served asset /rails.png - 304 Not Modified (0ms)


Started GET "/assets/rails.png" for 127.0.0.1 at 2014-01-22 17:27:33 -0800
Served asset /rails.png - 304 Not Modified (0ms)


Started GET "/assets/rails.png" for 127.0.0.1 at 2014-01-22 17:27:58 -0800
Served asset /rails.png - 304 Not Modified (0ms)


Started GET "/rails/info/properties" for 127.0.0.1 at 2014-01-22 17:28:51 -0800
Processing by Rails::InfoController#properties as */*
  Rendered inline template (1.4ms)
Completed 200 OK in 6ms (Views: 5.8ms | ActiveRecord: 0.0ms)
